{"timestamp":"2026-02-18T10:45:00Z","level":"INFO","service":"fixed","message":"fluent bit now works"}
{"timestamp":"2026-02-18T10:37:47Z","level":"INFO","service":"go-logging-service","message":"User logged in"}
{"timestamp":"2026-02-18T10:37:47Z","level":"ERROR","service":"go-logging-service","message":"Database connection failed"}
{"timestamp":"2026-02-18T10:37:47Z","level":"DEBUG","service":"go-logging-service","message":"Processing request"}
{"timestamp":"2026-02-18T10:37:52Z","level":"INFO","service":"go-logging-service","message":"User logged in"}
{"timestamp":"2026-02-18T10:37:52Z","level":"ERROR","service":"go-logging-service","message":"Database connection failed"}
{"timestamp":"2026-02-18T10:37:52Z","level":"DEBUG","service":"go-logging-service","message":"Processing request"}
{"timestamp":"2026-02-18T10:37:56Z","level":"INFO","service":"go-logging-service","message":"User logged in"}
{"timestamp":"2026-02-18T10:37:56Z","level":"ERROR","service":"go-logging-service","message":"Database connection failed"}
{"timestamp":"2026-02-18T10:37:56Z","level":"DEBUG","service":"go-logging-service","message":"Processing request"}
{"timestamp":"2026-02-18T10:38:01Z","level":"INFO","service":"go-logging-service","message":"User logged in"}
{"timestamp":"2026-02-18T10:38:01Z","level":"ERROR","service":"go-logging-service","message":"Database connection failed"}
{"timestamp":"2026-02-18T10:38:01Z","level":"DEBUG","service":"go-logging-service","message":"Processing request"}
{"timestamp":"2026-02-18T10:38:06Z","level":"INFO","service":"go-logging-service","message":"User logged in"}
{"timestamp":"2026-02-18T10:38:06Z","level":"ERROR","service":"go-logging-service","message":"Database connection failed"}
{"timestamp":"2026-02-18T10:38:06Z","level":"DEBUG","service":"go-logging-service","message":"Processing request"}
{"timestamp":"2026-02-18T10:38:12Z","level":"INFO","service":"go-logging-service","message":"User logged in"}
{"timestamp":"2026-02-18T10:38:12Z","level":"ERROR","service":"go-logging-service","message":"Database connection failed"}
{"timestamp":"2026-02-18T10:38:12Z","level":"DEBUG","service":"go-logging-service","message":"Processing request"}
{"timestamp":"2026-02-18T10:38:17Z","level":"INFO","service":"go-logging-service","message":"User logged in"}
{"timestamp":"2026-02-18T10:38:17Z","level":"ERROR","service":"go-logging-service","message":"Database connection failed"}
{"timestamp":"2026-02-18T10:38:17Z","level":"DEBUG","service":"go-logging-service","message":"Processing request"}
{"timestamp":"2026-02-18T10:38:22Z","level":"INFO","service":"go-logging-service","message":"User logged in"}
{"timestamp":"2026-02-18T10:38:22Z","level":"ERROR","service":"go-logging-service","message":"Database connection failed"}
{"timestamp":"2026-02-18T10:38:22Z","level":"DEBUG","service":"go-logging-service","message":"Processing request"}
{"timestamp":"2026-02-18T10:38:26Z","level":"INFO","service":"go-logging-service","message":"User logged in"}
{"timestamp":"2026-02-18T10:38:26Z","level":"ERROR","service":"go-logging-service","message":"Database connection failed"}
{"timestamp":"2026-02-18T10:38:26Z","level":"DEBUG","service":"go-logging-service","message":"Processing request"}
{"timestamp":"2026-02-18T10:38:31Z","level":"INFO","service":"go-logging-service","message":"User logged in"}
{"timestamp":"2026-02-18T10:38:31Z","level":"ERROR","service":"go-logging-service","message":"Database connection failed"}
{"timestamp":"2026-02-18T10:38:31Z","level":"DEBUG","service":"go-logging-service","message":"Processing request"}
{"timestamp":"2026-02-18T10:38:36Z","level":"INFO","service":"go-logging-service","message":"User logged in"}
{"timestamp":"2026-02-18T10:38:36Z","level":"ERROR","service":"go-logging-service","message":"Database connection failed"}
{"timestamp":"2026-02-18T10:38:36Z","level":"DEBUG","service":"go-logging-service","message":"Processing request"}
{"timestamp":"2026-02-18T10:38:41Z","level":"INFO","service":"go-logging-service","message":"User logged in"}
{"timestamp":"2026-02-18T10:38:41Z","level":"ERROR","service":"go-logging-service","message":"Database connection failed"}
{"timestamp":"2026-02-18T10:38:41Z","level":"DEBUG","service":"go-logging-service","message":"Processing request"}
{"timestamp":"2026-02-18T10:38:46Z","level":"INFO","service":"go-logging-service","message":"User logged in"}
{"timestamp":"2026-02-18T10:38:46Z","level":"ERROR","service":"go-logging-service","message":"Database connection failed"}
{"timestamp":"2026-02-18T10:38:46Z","level":"DEBUG","service":"go-logging-service","message":"Processing request"}
{"timestamp":"2026-02-18T10:38:51Z","level":"INFO","service":"go-logging-service","message":"User logged in"}
{"timestamp":"2026-02-18T10:38:51Z","level":"ERROR","service":"go-logging-service","message":"Database connection failed"}
{"timestamp":"2026-02-18T10:38:51Z","level":"DEBUG","service":"go-logging-service","message":"Processing request"}
{"timestamp":"2026-02-18T10:38:56Z","level":"INFO","service":"go-logging-service","message":"User logged in"}
{"timestamp":"2026-02-18T10:38:56Z","level":"ERROR","service":"go-logging-service","message":"Database connection failed"}
{"timestamp":"2026-02-18T10:38:56Z","level":"DEBUG","service":"go-logging-service","message":"Processing request"}
{"timestamp":"2026-02-18T10:39:01Z","level":"INFO","service":"go-logging-service","message":"User logged in"}
{"timestamp":"2026-02-18T10:39:01Z","level":"ERROR","service":"go-logging-service","message":"Database connection failed"}
{"timestamp":"2026-02-18T10:39:01Z","level":"DEBUG","service":"go-logging-service","message":"Processing request"}
{"timestamp":"2026-02-18T10:39:06Z","level":"INFO","service":"go-logging-service","message":"User logged in"}
{"timestamp":"2026-02-18T10:39:06Z","level":"ERROR","service":"go-logging-service","message":"Database connection failed"}
{"timestamp":"2026-02-18T10:39:06Z","level":"DEBUG","service":"go-logging-service","message":"Processing request"}
{"timestamp":"2026-02-18T10:39:11Z","level":"INFO","service":"go-logging-service","message":"User logged in"}
{"timestamp":"2026-02-18T10:39:11Z","level":"ERROR","service":"go-logging-service","message":"Database connection failed"}
{"timestamp":"2026-02-18T10:39:11Z","level":"DEBUG","service":"go-logging-service","message":"Processing request"}
{"timestamp":"2026-02-18T10:39:16Z","level":"INFO","service":"go-logging-service","message":"User logged in"}
{"timestamp":"2026-02-18T10:39:16Z","level":"ERROR","service":"go-logging-service","message":"Database connection failed"}
{"timestamp":"2026-02-18T10:39:16Z","level":"DEBUG","service":"go-logging-service","message":"Processing request"}
{"timestamp":"2026-02-18T10:39:20Z","level":"INFO","service":"go-logging-service","message":"User logged in"}
{"timestamp":"2026-02-18T10:39:20Z","level":"ERROR","service":"go-logging-service","message":"Database connection failed"}
{"timestamp":"2026-02-18T10:39:20Z","level":"DEBUG","service":"go-logging-service","message":"Processing request"}
{"timestamp":"2026-02-18T10:39:25Z","level":"INFO","service":"go-logging-service","message":"User logged in"}
{"timestamp":"2026-02-18T10:39:25Z","level":"ERROR","service":"go-logging-service","message":"Database connection failed"}
{"timestamp":"2026-02-18T10:39:25Z","level":"DEBUG","service":"go-logging-service","message":"Processing request"}
{"timestamp":"2026-02-18T10:39:30Z","level":"INFO","service":"go-logging-service","message":"User logged in"}
{"timestamp":"2026-02-18T10:39:30Z","level":"ERROR","service":"go-logging-service","message":"Database connection failed"}
{"timestamp":"2026-02-18T10:39:30Z","level":"DEBUG","service":"go-logging-service","message":"Processing request"}
{"timestamp":"2026-02-18T10:39:35Z","level":"INFO","service":"go-logging-service","message":"User logged in"}
{"timestamp":"2026-02-18T10:39:35Z","level":"ERROR","service":"go-logging-service","message":"Database connection failed"}
{"timestamp":"2026-02-18T10:39:35Z","level":"DEBUG","service":"go-logging-service","message":"Processing request"}
{"timestamp":"2026-02-18T10:39:40Z","level":"INFO","service":"go-logging-service","message":"User logged in"}
{"timestamp":"2026-02-18T10:39:40Z","level":"ERROR","service":"go-logging-service","message":"Database connection failed"}
{"timestamp":"2026-02-18T10:39:40Z","level":"DEBUG","service":"go-logging-service","message":"Processing request"}
{"timestamp":"2026-02-18T10:39:45Z","level":"INFO","service":"go-logging-service","message":"User logged in"}
{"timestamp":"2026-02-18T10:39:46Z","level":"ERROR","service":"go-logging-service","message":"Database connection failed"}
{"timestamp":"2026-02-18T10:39:46Z","level":"DEBUG","service":"go-logging-service","message":"Processing request"}
{"timestamp":"2026-02-18T10:39:50Z","level":"INFO","service":"go-logging-service","message":"User logged in"}
{"timestamp":"2026-02-18T10:39:50Z","level":"ERROR","service":"go-logging-service","message":"Database connection failed"}
{"timestamp":"2026-02-18T10:39:50Z","level":"DEBUG","service":"go-logging-service","message":"Processing request"}
{"timestamp":"2026-02-18T10:39:55Z","level":"INFO","service":"go-logging-service","message":"User logged in"}
{"timestamp":"2026-02-18T10:39:55Z","level":"ERROR","service":"go-logging-service","message":"Database connection failed"}
{"timestamp":"2026-02-18T10:39:55Z","level":"DEBUG","service":"go-logging-service","message":"Processing request"}
{"timestamp":"2026-02-18T10:40:00Z","level":"INFO","service":"go-logging-service","message":"User logged in"}
{"timestamp":"2026-02-18T10:40:00Z","level":"ERROR","service":"go-logging-service","message":"Database connection failed"}
{"timestamp":"2026-02-18T10:40:00Z","level":"DEBUG","service":"go-logging-service","message":"Processing request"}
{"timestamp":"2026-02-18T10:40:05Z","level":"INFO","service":"go-logging-service","message":"User logged in"}
{"timestamp":"2026-02-18T10:40:05Z","level":"ERROR","service":"go-logging-service","message":"Database connection failed"}
{"timestamp":"2026-02-18T10:40:05Z","level":"DEBUG","service":"go-logging-service","message":"Processing request"}
{"timestamp":"2026-02-18T10:40:10Z","level":"INFO","service":"go-logging-service","message":"User logged in"}
{"timestamp":"2026-02-18T10:40:10Z","level":"ERROR","service":"go-logging-service","message":"Database connection failed"}
{"timestamp":"2026-02-18T10:40:10Z","level":"DEBUG","service":"go-logging-service","message":"Processing request"}
{"timestamp":"2026-02-18T10:40:15Z","level":"INFO","service":"go-logging-service","message":"User logged in"}
{"timestamp":"2026-02-18T10:40:15Z","level":"ERROR","service":"go-logging-service","message":"Database connection failed"}
{"timestamp":"2026-02-18T10:40:15Z","level":"DEBUG","service":"go-logging-service","message":"Processing request"}
{"timestamp":"2026-02-18T10:40:20Z","level":"INFO","service":"go-logging-service","message":"User logged in"}
{"timestamp":"2026-02-18T10:40:20Z","level":"ERROR","service":"go-logging-service","message":"Database connection failed"}
{"timestamp":"2026-02-18T10:40:20Z","level":"DEBUG","service":"go-logging-service","message":"Processing request"}
{"timestamp":"2026-02-18T10:40:25Z","level":"INFO","service":"go-logging-service","message":"User logged in"}
{"timestamp":"2026-02-18T10:40:25Z","level":"ERROR","service":"go-logging-service","message":"Database connection failed"}
{"timestamp":"2026-02-18T10:40:25Z","level":"DEBUG","service":"go-logging-service","message":"Processing request"}
{"timestamp":"2026-02-18T10:40:30Z","level":"INFO","service":"go-logging-service","message":"User logged in"}
{"timestamp":"2026-02-18T10:40:30Z","level":"ERROR","service":"go-logging-service","message":"Database connection failed"}
{"timestamp":"2026-02-18T10:40:30Z","level":"DEBUG","service":"go-logging-service","message":"Processing request"}
{"timestamp":"2026-02-18T10:40:35Z","level":"INFO","service":"go-logging-service","message":"User logged in"}
{"timestamp":"2026-02-18T10:40:35Z","level":"ERROR","service":"go-logging-service","message":"Database connection failed"}
{"timestamp":"2026-02-18T10:40:35Z","level":"DEBUG","service":"go-logging-service","message":"Processing request"}
{"timestamp":"2026-02-18T10:40:40Z","level":"INFO","service":"go-logging-service","message":"User logged in"}
{"timestamp":"2026-02-18T10:40:40Z","level":"ERROR","service":"go-logging-service","message":"Database connection failed"}
{"timestamp":"2026-02-18T10:40:40Z","level":"DEBUG","service":"go-logging-service","message":"Processing request"}
{"timestamp":"2026-02-18T10:40:45Z","level":"INFO","service":"go-logging-service","message":"User logged in"}
{"timestamp":"2026-02-18T10:40:45Z","level":"ERROR","service":"go-logging-service","message":"Database connection failed"}
{"timestamp":"2026-02-18T10:40:45Z","level":"DEBUG","service":"go-logging-service","message":"Processing request"}
{"timestamp":"2026-02-18T10:40:50Z","level":"INFO","service":"go-logging-service","message":"User logged in"}
{"timestamp":"2026-02-18T10:40:50Z","level":"ERROR","service":"go-logging-service","message":"Database connection failed"}
{"timestamp":"2026-02-18T10:40:50Z","level":"DEBUG","service":"go-logging-service","message":"Processing request"}
{"timestamp":"2026-02-18T10:40:55Z","level":"INFO","service":"go-logging-service","message":"User logged in"}
{"timestamp":"2026-02-18T10:40:55Z","level":"ERROR","service":"go-logging-service","message":"Database connection failed"}
{"timestamp":"2026-02-18T10:40:55Z","level":"DEBUG","service":"go-logging-service","message":"Processing request"}
{"timestamp":"2026-02-18T10:41:00Z","level":"INFO","service":"go-logging-service","message":"User logged in"}
{"timestamp":"2026-02-18T10:41:00Z","level":"ERROR","service":"go-logging-service","message":"Database connection failed"}
{"timestamp":"2026-02-18T10:41:00Z","level":"DEBUG","service":"go-logging-service","message":"Processing request"}
{"timestamp":"2026-02-18T10:41:05Z","level":"INFO","service":"go-logging-service","message":"User logged in"}
{"timestamp":"2026-02-18T10:41:05Z","level":"ERROR","service":"go-logging-service","message":"Database connection failed"}
{"timestamp":"2026-02-18T10:41:05Z","level":"DEBUG","service":"go-logging-service","message":"Processing request"}
{"timestamp":"2026-02-18T10:41:10Z","level":"INFO","service":"go-logging-service","message":"User logged in"}
{"timestamp":"2026-02-18T10:41:10Z","level":"ERROR","service":"go-logging-service","message":"Database connection failed"}
{"timestamp":"2026-02-18T10:41:10Z","level":"DEBUG","service":"go-logging-service","message":"Processing request"}
{"timestamp":"2026-02-18T10:41:15Z","level":"INFO","service":"go-logging-service","message":"User logged in"}
{"timestamp":"2026-02-18T10:41:15Z","level":"ERROR","service":"go-logging-service","message":"Database connection failed"}
{"timestamp":"2026-02-18T10:41:15Z","level":"DEBUG","service":"go-logging-service","message":"Processing request"}
{"timestamp":"2026-02-18T10:41:20Z","level":"INFO","service":"go-logging-service","message":"User logged in"}
{"timestamp":"2026-02-18T10:41:20Z","level":"ERROR","service":"go-logging-service","message":"Database connection failed"}
{"timestamp":"2026-02-18T10:41:20Z","level":"DEBUG","service":"go-logging-service","message":"Processing request"}
{"timestamp":"2026-02-18T10:41:25Z","level":"INFO","service":"go-logging-service","message":"User logged in"}
{"timestamp":"2026-02-18T10:41:25Z","level":"ERROR","service":"go-logging-service","message":"Database connection failed"}
{"timestamp":"2026-02-18T10:41:25Z","level":"DEBUG","service":"go-logging-service","message":"Processing request"}
{"timestamp":"2026-02-18T10:41:30Z","level":"INFO","service":"go-logging-service","message":"User logged in"}
{"timestamp":"2026-02-18T10:41:30Z","level":"ERROR","service":"go-logging-service","message":"Database connection failed"}
{"timestamp":"2026-02-18T10:41:30Z","level":"DEBUG","service":"go-logging-service","message":"Processing request"}
{"timestamp":"2026-02-18T10:41:35Z","level":"INFO","service":"go-logging-service","message":"User logged in"}
{"timestamp":"2026-02-18T10:41:35Z","level":"ERROR","service":"go-logging-service","message":"Database connection failed"}
{"timestamp":"2026-02-18T10:41:35Z","level":"DEBUG","service":"go-logging-service","message":"Processing request"}
{"timestamp":"2026-02-18T10:41:40Z","level":"INFO","service":"go-logging-service","message":"User logged in"}
{"timestamp":"2026-02-18T10:41:40Z","level":"ERROR","service":"go-logging-service","message":"Database connection failed"}
{"timestamp":"2026-02-18T10:41:40Z","level":"DEBUG","service":"go-logging-service","message":"Processing request"}
{"timestamp":"2026-02-18T10:41:45Z","level":"INFO","service":"go-logging-service","message":"User logged in"}
{"timestamp":"2026-02-18T10:41:45Z","level":"ERROR","service":"go-logging-service","message":"Database connection failed"}
{"timestamp":"2026-02-18T10:41:45Z","level":"DEBUG","service":"go-logging-service","message":"Processing request"}
{"timestamp":"2026-02-18T10:41:49Z","level":"INFO","service":"go-logging-service","message":"User logged in"}
{"timestamp":"2026-02-18T10:41:49Z","level":"ERROR","service":"go-logging-service","message":"Database connection failed"}
{"timestamp":"2026-02-18T10:41:49Z","level":"DEBUG","service":"go-logging-service","message":"Processing request"}
{"timestamp":"2026-02-18T10:41:54Z","level":"INFO","service":"go-logging-service","message":"User logged in"}
{"timestamp":"2026-02-18T10:41:54Z","level":"ERROR","service":"go-logging-service","message":"Database connection failed"}
{"timestamp":"2026-02-18T10:41:54Z","level":"DEBUG","service":"go-logging-service","message":"Processing request"}
{"timestamp":"2026-02-18T10:41:59Z","level":"INFO","service":"go-logging-service","message":"User logged in"}
{"timestamp":"2026-02-18T10:41:59Z","level":"ERROR","service":"go-logging-service","message":"Database connection failed"}
{"timestamp":"2026-02-18T10:42:00Z","level":"DEBUG","service":"go-logging-service","message":"Processing request"}
{"timestamp":"2026-02-18T10:42:05Z","level":"INFO","service":"go-logging-service","message":"User logged in"}
{"timestamp":"2026-02-18T10:42:05Z","level":"ERROR","service":"go-logging-service","message":"Database connection failed"}
{"timestamp":"2026-02-18T10:42:05Z","level":"DEBUG","service":"go-logging-service","message":"Processing request"}
{"timestamp":"2026-02-18T10:42:10Z","level":"INFO","service":"go-logging-service","message":"User logged in"}
{"timestamp":"2026-02-18T10:42:10Z","level":"ERROR","service":"go-logging-service","message":"Database connection failed"}
{"timestamp":"2026-02-18T10:42:10Z","level":"DEBUG","service":"go-logging-service","message":"Processing request"}
{"timestamp":"2026-02-18T10:42:15Z","level":"INFO","service":"go-logging-service","message":"User logged in"}
{"timestamp":"2026-02-18T10:42:15Z","level":"ERROR","service":"go-logging-service","message":"Database connection failed"}
{"timestamp":"2026-02-18T10:42:15Z","level":"DEBUG","service":"go-logging-service","message":"Processing request"}
{"timestamp":"2026-02-18T10:42:19Z","level":"INFO","service":"go-logging-service","message":"User logged in"}
{"timestamp":"2026-02-18T10:42:19Z","level":"ERROR","service":"go-logging-service","message":"Database connection failed"}
{"timestamp":"2026-02-18T10:42:19Z","level":"DEBUG","service":"go-logging-service","message":"Processing request"}
{"timestamp":"2026-02-18T10:42:24Z","level":"INFO","service":"go-logging-service","message":"User logged in"}
{"timestamp":"2026-02-18T10:42:24Z","level":"ERROR","service":"go-logging-service","message":"Database connection failed"}
{"timestamp":"2026-02-18T10:42:25Z","level":"DEBUG","service":"go-logging-service","message":"Processing request"}
{"timestamp":"2026-02-18T10:42:30Z","level":"INFO","service":"go-logging-service","message":"User logged in"}
{"timestamp":"2026-02-18T10:42:30Z","level":"ERROR","service":"go-logging-service","message":"Database connection failed"}
{"timestamp":"2026-02-18T10:42:30Z","level":"DEBUG","service":"go-logging-service","message":"Processing request"}
{"timestamp":"2026-02-18T10:42:35Z","level":"INFO","service":"go-logging-service","message":"User logged in"}
{"timestamp":"2026-02-18T10:42:35Z","level":"ERROR","service":"go-logging-service","message":"Database connection failed"}
{"timestamp":"2026-02-18T10:42:35Z","level":"DEBUG","service":"go-logging-service","message":"Processing request"}
{"timestamp":"2026-02-18T10:42:40Z","level":"INFO","service":"go-logging-service","message":"User logged in"}
{"timestamp":"2026-02-18T10:42:40Z","level":"ERROR","service":"go-logging-service","message":"Database connection failed"}
{"timestamp":"2026-02-18T10:42:40Z","level":"DEBUG","service":"go-logging-service","message":"Processing request"}
{"timestamp":"2026-02-18T10:42:45Z","level":"INFO","service":"go-logging-service","message":"User logged in"}
{"timestamp":"2026-02-18T10:42:45Z","level":"ERROR","service":"go-logging-service","message":"Database connection failed"}
{"timestamp":"2026-02-18T10:42:45Z","level":"DEBUG","service":"go-logging-service","message":"Processing request"}
{"timestamp":"2026-02-18T10:42:50Z","level":"INFO","service":"go-logging-service","message":"User logged in"}
{"timestamp":"2026-02-18T10:42:50Z","level":"ERROR","service":"go-logging-service","message":"Database connection failed"}
{"timestamp":"2026-02-18T10:42:50Z","level":"DEBUG","service":"go-logging-service","message":"Processing request"}
{"timestamp":"2026-02-18T10:42:55Z","level":"INFO","service":"go-logging-service","message":"User logged in"}
{"timestamp":"2026-02-18T10:42:55Z","level":"ERROR","service":"go-logging-service","message":"Database connection failed"}
{"timestamp":"2026-02-18T10:42:55Z","level":"DEBUG","service":"go-logging-service","message":"Processing request"}
{"timestamp":"2026-02-18T10:43:00Z","level":"INFO","service":"go-logging-service","message":"User logged in"}
{"timestamp":"2026-02-18T10:43:00Z","level":"ERROR","service":"go-logging-service","message":"Database connection failed"}
{"timestamp":"2026-02-18T10:43:00Z","level":"DEBUG","service":"go-logging-service","message":"Processing request"}
{"timestamp":"2026-02-18T10:43:05Z","level":"INFO","service":"go-logging-service","message":"User logged in"}
{"timestamp":"2026-02-18T10:43:05Z","level":"ERROR","service":"go-logging-service","message":"Database connection failed"}
{"timestamp":"2026-02-18T10:43:05Z","level":"DEBUG","service":"go-logging-service","message":"Processing request"}
{"timestamp":"2026-02-18T10:43:10Z","level":"INFO","service":"go-logging-service","message":"User logged in"}
{"timestamp":"2026-02-18T10:43:10Z","level":"ERROR","service":"go-logging-service","message":"Database connection failed"}
{"timestamp":"2026-02-18T10:43:10Z","level":"DEBUG","service":"go-logging-service","message":"Processing request"}
{"timestamp":"2026-02-18T10:43:15Z","level":"INFO","service":"go-logging-service","message":"User logged in"}
{"timestamp":"2026-02-18T10:43:15Z","level":"ERROR","service":"go-logging-service","message":"Database connection failed"}
{"timestamp":"2026-02-18T10:43:15Z","level":"DEBUG","service":"go-logging-service","message":"Processing request"}
{"timestamp":"2026-02-18T10:43:19Z","level":"INFO","service":"go-logging-service","message":"User logged in"}
{"timestamp":"2026-02-18T10:43:19Z","level":"ERROR","service":"go-logging-service","message":"Database connection failed"}
{"timestamp":"2026-02-18T10:43:19Z","level":"DEBUG","service":"go-logging-service","message":"Processing request"}
{"timestamp":"2026-02-18T10:43:24Z","level":"INFO","service":"go-logging-service","message":"User logged in"}
{"timestamp":"2026-02-18T10:43:24Z","level":"ERROR","service":"go-logging-service","message":"Database connection failed"}
{"timestamp":"2026-02-18T10:43:24Z","level":"DEBUG","service":"go-logging-service","message":"Processing request"}
{"timestamp":"2026-02-18T10:43:29Z","level":"INFO","service":"go-logging-service","message":"User logged in"}
{"timestamp":"2026-02-18T10:43:29Z","level":"ERROR","service":"go-logging-service","message":"Database connection failed"}
{"timestamp":"2026-02-18T10:43:29Z","level":"DEBUG","service":"go-logging-service","message":"Processing request"}
{"timestamp":"2026-02-18T10:43:34Z","level":"INFO","service":"go-logging-service","message":"User logged in"}
{"timestamp":"2026-02-18T10:43:34Z","level":"ERROR","service":"go-logging-service","message":"Database connection failed"}
{"timestamp":"2026-02-18T10:43:34Z","level":"DEBUG","service":"go-logging-service","message":"Processing request"}
{"timestamp":"2026-02-18T10:43:39Z","level":"INFO","service":"go-logging-service","message":"User logged in"}
{"timestamp":"2026-02-18T10:43:39Z","level":"ERROR","service":"go-logging-service","message":"Database connection failed"}
{"timestamp":"2026-02-18T10:43:39Z","level":"DEBUG","service":"go-logging-service","message":"Processing request"}
{"timestamp":"2026-02-18T10:43:44Z","level":"INFO","service":"go-logging-service","message":"User logged in"}
{"timestamp":"2026-02-18T10:43:44Z","level":"ERROR","service":"go-logging-service","message":"Database connection failed"}
{"timestamp":"2026-02-18T10:43:44Z","level":"DEBUG","service":"go-logging-service","message":"Processing request"}
{"timestamp":"2026-02-18T10:43:49Z","level":"INFO","service":"go-logging-service","message":"User logged in"}
{"timestamp":"2026-02-18T10:43:49Z","level":"ERROR","service":"go-logging-service","message":"Database connection failed"}
{"timestamp":"2026-02-18T10:43:49Z","level":"DEBUG","service":"go-logging-service","message":"Processing request"}
{"timestamp":"2026-02-18T10:43:54Z","level":"INFO","service":"go-logging-service","message":"User logged in"}
{"timestamp":"2026-02-18T10:43:54Z","level":"ERROR","service":"go-logging-service","message":"Database connection failed"}
{"timestamp":"2026-02-18T10:43:54Z","level":"DEBUG","service":"go-logging-service","message":"Processing request"}
{"timestamp":"2026-02-18T10:43:59Z","level":"INFO","service":"go-logging-service","message":"User logged in"}
{"timestamp":"2026-02-18T10:43:59Z","level":"ERROR","service":"go-logging-service","message":"Database connection failed"}
{"timestamp":"2026-02-18T10:43:59Z","level":"DEBUG","service":"go-logging-service","message":"Processing request"}
{"timestamp":"2026-02-18T10:44:04Z","level":"INFO","service":"go-logging-service","message":"User logged in"}
{"timestamp":"2026-02-18T10:44:04Z","level":"ERROR","service":"go-logging-service","message":"Database connection failed"}
{"timestamp":"2026-02-18T10:44:04Z","level":"DEBUG","service":"go-logging-service","message":"Processing request"}
{"timestamp":"2026-02-18T10:44:09Z","level":"INFO","service":"go-logging-service","message":"User logged in"}
{"timestamp":"2026-02-18T10:44:09Z","level":"ERROR","service":"go-logging-service","message":"Database connection failed"}
{"timestamp":"2026-02-18T10:44:09Z","level":"DEBUG","service":"go-logging-service","message":"Processing request"}
{"timestamp":"2026-02-18T10:44:14Z","level":"INFO","service":"go-logging-service","message":"User logged in"}
{"timestamp":"2026-02-18T10:44:14Z","level":"ERROR","service":"go-logging-service","message":"Database connection failed"}
{"timestamp":"2026-02-18T10:44:14Z","level":"DEBUG","service":"go-logging-service","message":"Processing request"}
{"timestamp":"2026-02-18T10:44:18Z","level":"INFO","service":"go-logging-service","message":"User logged in"}
{"timestamp":"2026-02-18T10:44:18Z","level":"ERROR","service":"go-logging-service","message":"Database connection failed"}
{"timestamp":"2026-02-18T10:44:19Z","level":"DEBUG","service":"go-logging-service","message":"Processing request"}
{"timestamp":"2026-02-18T10:44:24Z","level":"INFO","service":"go-logging-service","message":"User logged in"}
{"timestamp":"2026-02-18T10:44:24Z","level":"ERROR","service":"go-logging-service","message":"Database connection failed"}
{"timestamp":"2026-02-18T10:44:24Z","level":"DEBUG","service":"go-logging-service","message":"Processing request"}
{"timestamp":"2026-02-18T10:44:29Z","level":"INFO","service":"go-logging-service","message":"User logged in"}
{"timestamp":"2026-02-18T10:44:29Z","level":"ERROR","service":"go-logging-service","message":"Database connection failed"}
{"timestamp":"2026-02-18T10:44:29Z","level":"DEBUG","service":"go-logging-service","message":"Processing request"}
{"timestamp":"2026-02-18T10:44:34Z","level":"INFO","service":"go-logging-service","message":"User logged in"}
{"timestamp":"2026-02-18T10:44:34Z","level":"ERROR","service":"go-logging-service","message":"Database connection failed"}
{"timestamp":"2026-02-18T10:44:34Z","level":"DEBUG","service":"go-logging-service","message":"Processing request"}
{"timestamp":"2026-02-18T10:44:39Z","level":"INFO","service":"go-logging-service","message":"User logged in"}
{"timestamp":"2026-02-18T10:44:39Z","level":"ERROR","service":"go-logging-service","message":"Database connection failed"}
{"timestamp":"2026-02-18T10:44:39Z","level":"DEBUG","service":"go-logging-service","message":"Processing request"}
{"timestamp":"2026-02-18T10:44:44Z","level":"INFO","service":"go-logging-service","message":"User logged in"}
{"timestamp":"2026-02-18T10:44:44Z","level":"ERROR","service":"go-logging-service","message":"Database connection failed"}
{"timestamp":"2026-02-18T10:44:44Z","level":"DEBUG","service":"go-logging-service","message":"Processing request"}
{"timestamp":"2026-02-18T10:44:48Z","level":"INFO","service":"go-logging-service","message":"User logged in"}
{"timestamp":"2026-02-18T10:44:48Z","level":"ERROR","service":"go-logging-service","message":"Database connection failed"}
{"timestamp":"2026-02-18T10:44:48Z","level":"DEBUG","service":"go-logging-service","message":"Processing request"}
{"timestamp":"2026-02-18T10:44:53Z","level":"INFO","service":"go-logging-service","message":"User logged in"}
{"timestamp":"2026-02-18T10:44:53Z","level":"ERROR","service":"go-logging-service","message":"Database connection failed"}
{"timestamp":"2026-02-18T10:44:53Z","level":"DEBUG","service":"go-logging-service","message":"Processing request"}
{"timestamp":"2026-02-18T10:44:58Z","level":"INFO","service":"go-logging-service","message":"User logged in"}
{"timestamp":"2026-02-18T10:44:58Z","level":"ERROR","service":"go-logging-service","message":"Database connection failed"}
{"timestamp":"2026-02-18T10:44:58Z","level":"DEBUG","service":"go-logging-service","message":"Processing request"}
{"timestamp":"2026-02-18T10:45:03Z","level":"INFO","service":"go-logging-service","message":"User logged in"}
{"timestamp":"2026-02-18T10:45:03Z","level":"ERROR","service":"go-logging-service","message":"Database connection failed"}
{"timestamp":"2026-02-18T10:45:03Z","level":"DEBUG","service":"go-logging-service","message":"Processing request"}
{"timestamp":"2026-02-18T10:45:08Z","level":"INFO","service":"go-logging-service","message":"User logged in"}
{"timestamp":"2026-02-18T10:45:08Z","level":"ERROR","service":"go-logging-service","message":"Database connection failed"}
{"timestamp":"2026-02-18T10:45:08Z","level":"DEBUG","service":"go-logging-service","message":"Processing request"}
{"timestamp":"2026-02-18T10:45:13Z","level":"INFO","service":"go-logging-service","message":"User logged in"}
{"timestamp":"2026-02-18T10:45:13Z","level":"ERROR","service":"go-logging-service","message":"Database connection failed"}
{"timestamp":"2026-02-18T10:45:13Z","level":"DEBUG","service":"go-logging-service","message":"Processing request"}
{"timestamp":"2026-02-18T10:45:18Z","level":"INFO","service":"go-logging-service","message":"User logged in"}
{"timestamp":"2026-02-18T10:45:18Z","level":"ERROR","service":"go-logging-service","message":"Database connection failed"}
{"timestamp":"2026-02-18T10:45:18Z","level":"DEBUG","service":"go-logging-service","message":"Processing request"}
{"timestamp":"2026-02-18T10:45:23Z","level":"INFO","service":"go-logging-service","message":"User logged in"}
{"timestamp":"2026-02-18T10:45:23Z","level":"ERROR","service":"go-logging-service","message":"Database connection failed"}
{"timestamp":"2026-02-18T10:45:23Z","level":"DEBUG","service":"go-logging-service","message":"Processing request"}
{"timestamp":"2026-02-18T10:45:28Z","level":"INFO","service":"go-logging-service","message":"User logged in"}
{"timestamp":"2026-02-18T10:45:28Z","level":"ERROR","service":"go-logging-service","message":"Database connection failed"}
{"timestamp":"2026-02-18T10:45:28Z","level":"DEBUG","service":"go-logging-service","message":"Processing request"}
{"timestamp":"2026-02-18T10:45:33Z","level":"INFO","service":"go-logging-service","message":"User logged in"}
{"timestamp":"2026-02-18T10:45:33Z","level":"ERROR","service":"go-logging-service","message":"Database connection failed"}
{"timestamp":"2026-02-18T10:45:33Z","level":"DEBUG","service":"go-logging-service","message":"Processing request"}
{"timestamp":"2026-02-18T10:45:38Z","level":"INFO","service":"go-logging-service","message":"User logged in"}
{"timestamp":"2026-02-18T10:45:38Z","level":"ERROR","service":"go-logging-service","message":"Database connection failed"}
{"timestamp":"2026-02-18T10:45:38Z","level":"DEBUG","service":"go-logging-service","message":"Processing request"}
{"timestamp":"2026-02-18T10:45:43Z","level":"INFO","service":"go-logging-service","message":"User logged in"}
{"timestamp":"2026-02-18T10:45:43Z","level":"ERROR","service":"go-logging-service","message":"Database connection failed"}
{"timestamp":"2026-02-18T10:45:43Z","level":"DEBUG","service":"go-logging-service","message":"Processing request"}
{"timestamp":"2026-02-18T10:45:48Z","level":"INFO","service":"go-logging-service","message":"User logged in"}
{"timestamp":"2026-02-18T10:45:48Z","level":"ERROR","service":"go-logging-service","message":"Database connection failed"}
{"timestamp":"2026-02-18T10:45:48Z","level":"DEBUG","service":"go-logging-service","message":"Processing request"}
{"timestamp":"2026-02-18T10:45:53Z","level":"INFO","service":"go-logging-service","message":"User logged in"}
{"timestamp":"2026-02-18T10:45:53Z","level":"ERROR","service":"go-logging-service","message":"Database connection failed"}
{"timestamp":"2026-02-18T10:45:53Z","level":"DEBUG","service":"go-logging-service","message":"Processing request"}
{"timestamp":"2026-02-18T10:45:58Z","level":"INFO","service":"go-logging-service","message":"User logged in"}
{"timestamp":"2026-02-18T10:45:58Z","level":"ERROR","service":"go-logging-service","message":"Database connection failed"}
{"timestamp":"2026-02-18T10:45:58Z","level":"DEBUG","service":"go-logging-service","message":"Processing request"}
{"timestamp":"2026-02-18T10:46:03Z","level":"INFO","service":"go-logging-service","message":"User logged in"}
{"timestamp":"2026-02-18T10:46:03Z","level":"ERROR","service":"go-logging-service","message":"Database connection failed"}
{"timestamp":"2026-02-18T10:46:03Z","level":"DEBUG","service":"go-logging-service","message":"Processing request"}
{"timestamp":"2026-02-18T10:46:08Z","level":"INFO","service":"go-logging-service","message":"User logged in"}
{"timestamp":"2026-02-18T10:46:08Z","level":"ERROR","service":"go-logging-service","message":"Database connection failed"}
{"timestamp":"2026-02-18T10:46:08Z","level":"DEBUG","service":"go-logging-service","message":"Processing request"}
{"timestamp":"2026-02-18T10:46:13Z","level":"INFO","service":"go-logging-service","message":"User logged in"}
{"timestamp":"2026-02-18T10:46:13Z","level":"ERROR","service":"go-logging-service","message":"Database connection failed"}
{"timestamp":"2026-02-18T10:46:13Z","level":"DEBUG","service":"go-logging-service","message":"Processing request"}
{"timestamp":"2026-02-18T10:46:18Z","level":"INFO","service":"go-logging-service","message":"User logged in"}
{"timestamp":"2026-02-18T10:46:18Z","level":"ERROR","service":"go-logging-service","message":"Database connection failed"}
{"timestamp":"2026-02-18T10:46:18Z","level":"DEBUG","service":"go-logging-service","message":"Processing request"}
{"timestamp":"2026-02-18T10:46:23Z","level":"INFO","service":"go-logging-service","message":"User logged in"}
{"timestamp":"2026-02-18T10:46:23Z","level":"ERROR","service":"go-logging-service","message":"Database connection failed"}
{"timestamp":"2026-02-18T10:46:23Z","level":"DEBUG","service":"go-logging-service","message":"Processing request"}
{"timestamp":"2026-02-18T10:46:28Z","level":"INFO","service":"go-logging-service","message":"User logged in"}
{"timestamp":"2026-02-18T10:46:28Z","level":"ERROR","service":"go-logging-service","message":"Database connection failed"}
{"timestamp":"2026-02-18T10:46:28Z","level":"DEBUG","service":"go-logging-service","message":"Processing request"}
{"timestamp":"2026-02-18T10:46:33Z","level":"INFO","service":"go-logging-service","message":"User logged in"}
{"timestamp":"2026-02-18T10:46:33Z","level":"ERROR","service":"go-logging-service","message":"Database connection failed"}
{"timestamp":"2026-02-18T10:46:33Z","level":"DEBUG","service":"go-logging-service","message":"Processing request"}
{"timestamp":"2026-02-18T10:46:38Z","level":"INFO","service":"go-logging-service","message":"User logged in"}
{"timestamp":"2026-02-18T10:46:38Z","level":"ERROR","service":"go-logging-service","message":"Database connection failed"}
{"timestamp":"2026-02-18T10:46:38Z","level":"DEBUG","service":"go-logging-service","message":"Processing request"}
{"timestamp":"2026-02-18T10:46:43Z","level":"INFO","service":"go-logging-service","message":"User logged in"}
{"timestamp":"2026-02-18T10:46:43Z","level":"ERROR","service":"go-logging-service","message":"Database connection failed"}
{"timestamp":"2026-02-18T10:46:43Z","level":"DEBUG","service":"go-logging-service","message":"Processing request"}
{"timestamp":"2026-02-18T10:46:47Z","level":"INFO","service":"go-logging-service","message":"User logged in"}
{"timestamp":"2026-02-18T10:46:47Z","level":"ERROR","service":"go-logging-service","message":"Database connection failed"}
{"timestamp":"2026-02-18T10:46:47Z","level":"DEBUG","service":"go-logging-service","message":"Processing request"}
{"timestamp":"2026-02-18T10:46:52Z","level":"INFO","service":"go-logging-service","message":"User logged in"}
{"timestamp":"2026-02-18T10:46:52Z","level":"ERROR","service":"go-logging-service","message":"Database connection failed"}
{"timestamp":"2026-02-18T10:46:52Z","level":"DEBUG","service":"go-logging-service","message":"Processing request"}
{"timestamp":"2026-02-18T10:46:57Z","level":"INFO","service":"go-logging-service","message":"User logged in"}
{"timestamp":"2026-02-18T10:46:57Z","level":"ERROR","service":"go-logging-service","message":"Database connection failed"}
{"timestamp":"2026-02-18T10:46:57Z","level":"DEBUG","service":"go-logging-service","message":"Processing request"}
{"timestamp":"2026-02-18T10:47:02Z","level":"INFO","service":"go-logging-service","message":"User logged in"}
{"timestamp":"2026-02-18T10:47:02Z","level":"ERROR","service":"go-logging-service","message":"Database connection failed"}
{"timestamp":"2026-02-18T10:47:03Z","level":"DEBUG","service":"go-logging-service","message":"Processing request"}
{"timestamp":"2026-02-18T10:47:08Z","level":"INFO","service":"go-logging-service","message":"User logged in"}
{"timestamp":"2026-02-18T10:47:08Z","level":"ERROR","service":"go-logging-service","message":"Database connection failed"}
{"timestamp":"2026-02-18T10:47:08Z","level":"DEBUG","service":"go-logging-service","message":"Processing request"}
{"timestamp":"2026-02-18T10:47:12Z","level":"INFO","service":"go-logging-service","message":"User logged in"}
{"timestamp":"2026-02-18T10:47:12Z","level":"ERROR","service":"go-logging-service","message":"Database connection failed"}
{"timestamp":"2026-02-18T10:47:12Z","level":"DEBUG","service":"go-logging-service","message":"Processing request"}
{"timestamp":"2026-02-18T10:47:17Z","level":"INFO","service":"go-logging-service","message":"User logged in"}
{"timestamp":"2026-02-18T10:47:17Z","level":"ERROR","service":"go-logging-service","message":"Database connection failed"}
{"timestamp":"2026-02-18T10:47:17Z","level":"DEBUG","service":"go-logging-service","message":"Processing request"}
{"timestamp":"2026-02-18T10:47:22Z","level":"INFO","service":"go-logging-service","message":"User logged in"}
{"timestamp":"2026-02-18T10:47:22Z","level":"ERROR","service":"go-logging-service","message":"Database connection failed"}
{"timestamp":"2026-02-18T10:47:22Z","level":"DEBUG","service":"go-logging-service","message":"Processing request"}
{"timestamp":"2026-02-18T10:47:27Z","level":"INFO","service":"go-logging-service","message":"User logged in"}
{"timestamp":"2026-02-18T10:47:27Z","level":"ERROR","service":"go-logging-service","message":"Database connection failed"}
{"timestamp":"2026-02-18T10:47:27Z","level":"DEBUG","service":"go-logging-service","message":"Processing request"}
{"timestamp":"2026-02-18T10:47:32Z","level":"INFO","service":"go-logging-service","message":"User logged in"}
{"timestamp":"2026-02-18T10:47:32Z","level":"ERROR","service":"go-logging-service","message":"Database connection failed"}
{"timestamp":"2026-02-18T10:47:32Z","level":"DEBUG","service":"go-logging-service","message":"Processing request"}
{"timestamp":"2026-02-18T10:47:37Z","level":"INFO","service":"go-logging-service","message":"User logged in"}
{"timestamp":"2026-02-18T10:47:37Z","level":"ERROR","service":"go-logging-service","message":"Database connection failed"}
{"timestamp":"2026-02-18T10:47:37Z","level":"DEBUG","service":"go-logging-service","message":"Processing request"}
{"timestamp":"2026-02-18T10:47:42Z","level":"INFO","service":"go-logging-service","message":"User logged in"}
{"timestamp":"2026-02-18T10:47:42Z","level":"ERROR","service":"go-logging-service","message":"Database connection failed"}
{"timestamp":"2026-02-18T10:47:42Z","level":"DEBUG","service":"go-logging-service","message":"Processing request"}
{"timestamp":"2026-02-18T10:47:47Z","level":"INFO","service":"go-logging-service","message":"User logged in"}
{"timestamp":"2026-02-18T10:47:47Z","level":"ERROR","service":"go-logging-service","message":"Database connection failed"}
{"timestamp":"2026-02-18T10:47:47Z","level":"DEBUG","service":"go-logging-service","message":"Processing request"}
{"timestamp":"2026-02-18T10:47:52Z","level":"INFO","service":"go-logging-service","message":"User logged in"}
{"timestamp":"2026-02-18T10:47:52Z","level":"ERROR","service":"go-logging-service","message":"Database connection failed"}
{"timestamp":"2026-02-18T10:47:52Z","level":"DEBUG","service":"go-logging-service","message":"Processing request"}
{"timestamp":"2026-02-18T10:47:57Z","level":"INFO","service":"go-logging-service","message":"User logged in"}
{"timestamp":"2026-02-18T10:47:57Z","level":"ERROR","service":"go-logging-service","message":"Database connection failed"}
{"timestamp":"2026-02-18T10:47:57Z","level":"DEBUG","service":"go-logging-service","message":"Processing request"}
{"timestamp":"2026-02-18T10:48:02Z","level":"INFO","service":"go-logging-service","message":"User logged in"}
{"timestamp":"2026-02-18T10:48:02Z","level":"ERROR","service":"go-logging-service","message":"Database connection failed"}
{"timestamp":"2026-02-18T10:48:02Z","level":"DEBUG","service":"go-logging-service","message":"Processing request"}
{"timestamp":"2026-02-18T10:48:07Z","level":"INFO","service":"go-logging-service","message":"User logged in"}
{"timestamp":"2026-02-18T10:48:07Z","level":"ERROR","service":"go-logging-service","message":"Database connection failed"}
{"timestamp":"2026-02-18T10:48:07Z","level":"DEBUG","service":"go-logging-service","message":"Processing request"}
{"timestamp":"2026-02-18T10:48:12Z","level":"INFO","service":"go-logging-service","message":"User logged in"}
{"timestamp":"2026-02-18T10:48:12Z","level":"ERROR","service":"go-logging-service","message":"Database connection failed"}
{"timestamp":"2026-02-18T10:48:12Z","level":"DEBUG","service":"go-logging-service","message":"Processing request"}
{"timestamp":"2026-02-18T10:48:17Z","level":"INFO","service":"go-logging-service","message":"User logged in"}
{"timestamp":"2026-02-18T10:48:17Z","level":"ERROR","service":"go-logging-service","message":"Database connection failed"}
{"timestamp":"2026-02-18T10:48:17Z","level":"DEBUG","service":"go-logging-service","message":"Processing request"}
{"timestamp":"2026-02-18T10:48:22Z","level":"INFO","service":"go-logging-service","message":"User logged in"}
{"timestamp":"2026-02-18T10:48:22Z","level":"ERROR","service":"go-logging-service","message":"Database connection failed"}
{"timestamp":"2026-02-18T10:48:22Z","level":"DEBUG","service":"go-logging-service","message":"Processing request"}
{"timestamp":"2026-02-18T10:48:27Z","level":"INFO","service":"go-logging-service","message":"User logged in"}
{"timestamp":"2026-02-18T10:48:27Z","level":"ERROR","service":"go-logging-service","message":"Database connection failed"}
{"timestamp":"2026-02-18T10:48:27Z","level":"DEBUG","service":"go-logging-service","message":"Processing request"}
{"timestamp":"2026-02-18T10:48:32Z","level":"INFO","service":"go-logging-service","message":"User logged in"}
{"timestamp":"2026-02-18T10:48:32Z","level":"ERROR","service":"go-logging-service","message":"Database connection failed"}
{"timestamp":"2026-02-18T10:48:32Z","level":"DEBUG","service":"go-logging-service","message":"Processing request"}
{"timestamp":"2026-02-18T10:48:37Z","level":"INFO","service":"go-logging-service","message":"User logged in"}
{"timestamp":"2026-02-18T10:48:37Z","level":"ERROR","service":"go-logging-service","message":"Database connection failed"}
{"timestamp":"2026-02-18T10:48:37Z","level":"DEBUG","service":"go-logging-service","message":"Processing request"}
{"timestamp":"2026-02-18T10:48:42Z","level":"INFO","service":"go-logging-service","message":"User logged in"}
{"timestamp":"2026-02-18T10:48:42Z","level":"ERROR","service":"go-logging-service","message":"Database connection failed"}
{"timestamp":"2026-02-18T10:48:42Z","level":"DEBUG","service":"go-logging-service","message":"Processing request"}
{"timestamp":"2026-02-18T10:48:47Z","level":"INFO","service":"go-logging-service","message":"User logged in"}
{"timestamp":"2026-02-18T10:48:47Z","level":"ERROR","service":"go-logging-service","message":"Database connection failed"}
{"timestamp":"2026-02-18T10:48:47Z","level":"DEBUG","service":"go-logging-service","message":"Processing request"}
{"timestamp":"2026-02-18T10:48:52Z","level":"INFO","service":"go-logging-service","message":"User logged in"}
{"timestamp":"2026-02-18T10:48:52Z","level":"ERROR","service":"go-logging-service","message":"Database connection failed"}
{"timestamp":"2026-02-18T10:48:52Z","level":"DEBUG","service":"go-logging-service","message":"Processing request"}
{"timestamp":"2026-02-18T10:48:57Z","level":"INFO","service":"go-logging-service","message":"User logged in"}
{"timestamp":"2026-02-18T10:48:57Z","level":"ERROR","service":"go-logging-service","message":"Database connection failed"}
{"timestamp":"2026-02-18T10:48:57Z","level":"DEBUG","service":"go-logging-service","message":"Processing request"}
{"timestamp":"2026-02-18T10:49:02Z","level":"INFO","service":"go-logging-service","message":"User logged in"}
{"timestamp":"2026-02-18T10:49:02Z","level":"ERROR","service":"go-logging-service","message":"Database connection failed"}
{"timestamp":"2026-02-18T10:49:02Z","level":"DEBUG","service":"go-logging-service","message":"Processing request"}
{"timestamp":"2026-02-18T10:49:07Z","level":"INFO","service":"go-logging-service","message":"User logged in"}
{"timestamp":"2026-02-18T10:49:07Z","level":"ERROR","service":"go-logging-service","message":"Database connection failed"}
{"timestamp":"2026-02-18T10:49:07Z","level":"DEBUG","service":"go-logging-service","message":"Processing request"}
{"timestamp":"2026-02-18T10:49:11Z","level":"INFO","service":"go-logging-service","message":"User logged in"}
{"timestamp":"2026-02-18T10:49:11Z","level":"ERROR","service":"go-logging-service","message":"Database connection failed"}
{"timestamp":"2026-02-18T10:49:11Z","level":"DEBUG","service":"go-logging-service","message":"Processing request"}
{"timestamp":"2026-02-18T10:49:16Z","level":"INFO","service":"go-logging-service","message":"User logged in"}
{"timestamp":"2026-02-18T10:49:16Z","level":"ERROR","service":"go-logging-service","message":"Database connection failed"}
{"timestamp":"2026-02-18T10:49:16Z","level":"DEBUG","service":"go-logging-service","message":"Processing request"}
{"timestamp":"2026-02-18T10:49:21Z","level":"INFO","service":"go-logging-service","message":"User logged in"}
{"timestamp":"2026-02-18T10:49:21Z","level":"ERROR","service":"go-logging-service","message":"Database connection failed"}
{"timestamp":"2026-02-18T10:49:21Z","level":"DEBUG","service":"go-logging-service","message":"Processing request"}
{"timestamp":"2026-02-18T10:49:26Z","level":"INFO","service":"go-logging-service","message":"User logged in"}
{"timestamp":"2026-02-18T10:49:26Z","level":"ERROR","service":"go-logging-service","message":"Database connection failed"}
{"timestamp":"2026-02-18T10:49:26Z","level":"DEBUG","service":"go-logging-service","message":"Processing request"}
{"timestamp":"2026-02-18T10:49:31Z","level":"INFO","service":"go-logging-service","message":"User logged in"}
{"timestamp":"2026-02-18T10:49:32Z","level":"ERROR","service":"go-logging-service","message":"Database connection failed"}
{"timestamp":"2026-02-18T10:49:32Z","level":"DEBUG","service":"go-logging-service","message":"Processing request"}
{"timestamp":"2026-02-18T10:49:37Z","level":"INFO","service":"go-logging-service","message":"User logged in"}
{"timestamp":"2026-02-18T10:49:37Z","level":"ERROR","service":"go-logging-service","message":"Database connection failed"}
{"timestamp":"2026-02-18T10:49:37Z","level":"DEBUG","service":"go-logging-service","message":"Processing request"}
{"timestamp":"2026-02-18T10:49:56Z","level":"INFO","service":"go-logging-service","message":"User logged in"}
{"timestamp":"2026-02-18T10:49:56Z","level":"ERROR","service":"go-logging-service","message":"Database connection failed"}
{"timestamp":"2026-02-18T10:49:56Z","level":"DEBUG","service":"go-logging-service","message":"Processing request"}
{"timestamp":"2026-02-18T10:50:01Z","level":"INFO","service":"go-logging-service","message":"User logged in"}
{"timestamp":"2026-02-18T10:50:01Z","level":"ERROR","service":"go-logging-service","message":"Database connection failed"}
{"timestamp":"2026-02-18T10:50:01Z","level":"DEBUG","service":"go-logging-service","message":"Processing request"}
{"timestamp":"2026-02-18T10:50:06Z","level":"INFO","service":"go-logging-service","message":"User logged in"}
{"timestamp":"2026-02-18T10:50:06Z","level":"ERROR","service":"go-logging-service","message":"Database connection failed"}
{"timestamp":"2026-02-18T10:50:06Z","level":"DEBUG","service":"go-logging-service","message":"Processing request"}
{"timestamp":"2026-02-18T10:50:10Z","level":"INFO","service":"go-logging-service","message":"User logged in"}
{"timestamp":"2026-02-18T10:50:10Z","level":"ERROR","service":"go-logging-service","message":"Database connection failed"}
{"timestamp":"2026-02-18T10:50:10Z","level":"DEBUG","service":"go-logging-service","message":"Processing request"}
{"timestamp":"2026-02-18T10:50:15Z","level":"INFO","service":"go-logging-service","message":"User logged in"}
{"timestamp":"2026-02-18T10:50:15Z","level":"ERROR","service":"go-logging-service","message":"Database connection failed"}
{"timestamp":"2026-02-18T10:50:15Z","level":"DEBUG","service":"go-logging-service","message":"Processing request"}
{"timestamp":"2026-02-18T10:50:20Z","level":"INFO","service":"go-logging-service","message":"User logged in"}
{"timestamp":"2026-02-18T10:50:20Z","level":"ERROR","service":"go-logging-service","message":"Database connection failed"}
{"timestamp":"2026-02-18T10:50:20Z","level":"DEBUG","service":"go-logging-service","message":"Processing request"}
{"timestamp":"2026-02-18T10:50:25Z","level":"INFO","service":"go-logging-service","message":"User logged in"}
{"timestamp":"2026-02-18T10:50:25Z","level":"ERROR","service":"go-logging-service","message":"Database connection failed"}
{"timestamp":"2026-02-18T10:50:25Z","level":"DEBUG","service":"go-logging-service","message":"Processing request"}
{"timestamp":"2026-02-18T10:50:30Z","level":"INFO","service":"go-logging-service","message":"User logged in"}
{"timestamp":"2026-02-18T10:50:30Z","level":"ERROR","service":"go-logging-service","message":"Database connection failed"}
{"timestamp":"2026-02-18T10:50:30Z","level":"DEBUG","service":"go-logging-service","message":"Processing request"}
{"timestamp":"2026-02-18T10:50:35Z","level":"INFO","service":"go-logging-service","message":"User logged in"}
{"timestamp":"2026-02-18T10:50:35Z","level":"ERROR","service":"go-logging-service","message":"Database connection failed"}
{"timestamp":"2026-02-18T10:50:35Z","level":"DEBUG","service":"go-logging-service","message":"Processing request"}
{"timestamp":"2026-02-18T10:50:40Z","level":"INFO","service":"go-logging-service","message":"User logged in"}
{"timestamp":"2026-02-18T10:50:40Z","level":"ERROR","service":"go-logging-service","message":"Database connection failed"}
{"timestamp":"2026-02-18T10:50:40Z","level":"DEBUG","service":"go-logging-service","message":"Processing request"}
{"timestamp":"2026-02-18T10:50:45Z","level":"INFO","service":"go-logging-service","message":"User logged in"}
{"timestamp":"2026-02-18T10:50:45Z","level":"ERROR","service":"go-logging-service","message":"Database connection failed"}
{"timestamp":"2026-02-18T10:50:45Z","level":"DEBUG","service":"go-logging-service","message":"Processing request"}
{"timestamp":"2026-02-18T10:50:50Z","level":"INFO","service":"go-logging-service","message":"User logged in"}
{"timestamp":"2026-02-18T10:50:50Z","level":"ERROR","service":"go-logging-service","message":"Database connection failed"}
{"timestamp":"2026-02-18T10:50:50Z","level":"DEBUG","service":"go-logging-service","message":"Processing request"}
{"timestamp":"2026-02-18T10:50:55Z","level":"INFO","service":"go-logging-service","message":"User logged in"}
{"timestamp":"2026-02-18T10:50:55Z","level":"ERROR","service":"go-logging-service","message":"Database connection failed"}
{"timestamp":"2026-02-18T10:50:55Z","level":"DEBUG","service":"go-logging-service","message":"Processing request"}
{"timestamp":"2026-02-18T10:51:00Z","level":"INFO","service":"go-logging-service","message":"User logged in"}
{"timestamp":"2026-02-18T10:51:00Z","level":"ERROR","service":"go-logging-service","message":"Database connection failed"}
{"timestamp":"2026-02-18T10:51:00Z","level":"DEBUG","service":"go-logging-service","message":"Processing request"}
{"timestamp":"2026-02-18T10:51:05Z","level":"INFO","service":"go-logging-service","message":"User logged in"}
{"timestamp":"2026-02-18T10:51:05Z","level":"ERROR","service":"go-logging-service","message":"Database connection failed"}
{"timestamp":"2026-02-18T10:51:05Z","level":"DEBUG","service":"go-logging-service","message":"Processing request"}
{"timestamp":"2026-02-18T10:51:09Z","level":"INFO","service":"go-logging-service","message":"User logged in"}
{"timestamp":"2026-02-18T10:51:10Z","level":"ERROR","service":"go-logging-service","message":"Database connection failed"}
{"timestamp":"2026-02-18T10:51:10Z","level":"DEBUG","service":"go-logging-service","message":"Processing request"}
{"timestamp":"2026-02-18T10:51:15Z","level":"INFO","service":"go-logging-service","message":"User logged in"}
{"timestamp":"2026-02-18T10:51:15Z","level":"ERROR","service":"go-logging-service","message":"Database connection failed"}
{"timestamp":"2026-02-18T10:51:15Z","level":"DEBUG","service":"go-logging-service","message":"Processing request"}
{"timestamp":"2026-02-18T10:51:20Z","level":"INFO","service":"go-logging-service","message":"User logged in"}
{"timestamp":"2026-02-18T10:51:20Z","level":"ERROR","service":"go-logging-service","message":"Database connection failed"}
{"timestamp":"2026-02-18T10:51:20Z","level":"DEBUG","service":"go-logging-service","message":"Processing request"}
{"timestamp":"2026-02-18T10:51:25Z","level":"INFO","service":"go-logging-service","message":"User logged in"}
{"timestamp":"2026-02-18T10:51:25Z","level":"ERROR","service":"go-logging-service","message":"Database connection failed"}
{"timestamp":"2026-02-18T10:51:25Z","level":"DEBUG","service":"go-logging-service","message":"Processing request"}
{"timestamp":"2026-02-18T10:51:30Z","level":"INFO","service":"go-logging-service","message":"User logged in"}
{"timestamp":"2026-02-18T10:51:30Z","level":"ERROR","service":"go-logging-service","message":"Database connection failed"}
{"timestamp":"2026-02-18T10:51:30Z","level":"DEBUG","service":"go-logging-service","message":"Processing request"}
{"timestamp":"2026-02-18T10:51:35Z","level":"INFO","service":"go-logging-service","message":"User logged in"}
{"timestamp":"2026-02-18T10:51:35Z","level":"ERROR","service":"go-logging-service","message":"Database connection failed"}
{"timestamp":"2026-02-18T10:51:35Z","level":"DEBUG","service":"go-logging-service","message":"Processing request"}
{"timestamp":"2026-02-18T10:51:39Z","level":"INFO","service":"go-logging-service","message":"User logged in"}
{"timestamp":"2026-02-18T10:51:39Z","level":"ERROR","service":"go-logging-service","message":"Database connection failed"}
{"timestamp":"2026-02-18T10:51:39Z","level":"DEBUG","service":"go-logging-service","message":"Processing request"}
{"timestamp":"2026-02-18T10:51:44Z","level":"INFO","service":"go-logging-service","message":"User logged in"}
{"timestamp":"2026-02-18T10:51:44Z","level":"ERROR","service":"go-logging-service","message":"Database connection failed"}
{"timestamp":"2026-02-18T10:51:44Z","level":"DEBUG","service":"go-logging-service","message":"Processing request"}
{"timestamp":"2026-02-18T10:51:49Z","level":"INFO","service":"go-logging-service","message":"User logged in"}
{"timestamp":"2026-02-18T10:51:49Z","level":"ERROR","service":"go-logging-service","message":"Database connection failed"}
{"timestamp":"2026-02-18T10:51:49Z","level":"DEBUG","service":"go-logging-service","message":"Processing request"}
{"timestamp":"2026-02-18T10:51:54Z","level":"INFO","service":"go-logging-service","message":"User logged in"}
{"timestamp":"2026-02-18T10:51:54Z","level":"ERROR","service":"go-logging-service","message":"Database connection failed"}
{"timestamp":"2026-02-18T10:51:54Z","level":"DEBUG","service":"go-logging-service","message":"Processing request"}
{"timestamp":"2026-02-18T10:51:59Z","level":"INFO","service":"go-logging-service","message":"User logged in"}
{"timestamp":"2026-02-18T10:51:59Z","level":"ERROR","service":"go-logging-service","message":"Database connection failed"}
{"timestamp":"2026-02-18T10:52:00Z","level":"DEBUG","service":"go-logging-service","message":"Processing request"}
{"timestamp":"2026-02-18T10:52:05Z","level":"INFO","service":"go-logging-service","message":"User logged in"}
{"timestamp":"2026-02-18T10:52:05Z","level":"ERROR","service":"go-logging-service","message":"Database connection failed"}
{"timestamp":"2026-02-18T10:52:05Z","level":"DEBUG","service":"go-logging-service","message":"Processing request"}
{"timestamp":"2026-02-18T10:52:09Z","level":"INFO","service":"go-logging-service","message":"User logged in"}
{"timestamp":"2026-02-18T10:52:09Z","level":"ERROR","service":"go-logging-service","message":"Database connection failed"}
{"timestamp":"2026-02-18T10:52:09Z","level":"DEBUG","service":"go-logging-service","message":"Processing request"}
{"timestamp":"2026-02-18T10:52:14Z","level":"INFO","service":"go-logging-service","message":"User logged in"}
{"timestamp":"2026-02-18T10:52:14Z","level":"ERROR","service":"go-logging-service","message":"Database connection failed"}
{"timestamp":"2026-02-18T10:52:14Z","level":"DEBUG","service":"go-logging-service","message":"Processing request"}
{"timestamp":"2026-02-18T10:52:20Z","level":"INFO","service":"go-logging-service","message":"User logged in"}
{"timestamp":"2026-02-18T10:52:20Z","level":"ERROR","service":"go-logging-service","message":"Database connection failed"}
{"timestamp":"2026-02-18T10:52:20Z","level":"DEBUG","service":"go-logging-service","message":"Processing request"}
{"timestamp":"2026-02-18T10:52:25Z","level":"INFO","service":"go-logging-service","message":"User logged in"}
{"timestamp":"2026-02-18T10:52:25Z","level":"ERROR","service":"go-logging-service","message":"Database connection failed"}
{"timestamp":"2026-02-18T10:52:25Z","level":"DEBUG","service":"go-logging-service","message":"Processing request"}
{"timestamp":"2026-02-18T10:52:30Z","level":"INFO","service":"go-logging-service","message":"User logged in"}
{"timestamp":"2026-02-18T10:52:30Z","level":"ERROR","service":"go-logging-service","message":"Database connection failed"}
{"timestamp":"2026-02-18T10:52:30Z","level":"DEBUG","service":"go-logging-service","message":"Processing request"}
{"timestamp":"2026-02-18T10:52:35Z","level":"INFO","service":"go-logging-service","message":"User logged in"}
{"timestamp":"2026-02-18T10:52:35Z","level":"ERROR","service":"go-logging-service","message":"Database connection failed"}
{"timestamp":"2026-02-18T10:52:35Z","level":"DEBUG","service":"go-logging-service","message":"Processing request"}
{"timestamp":"2026-02-18T10:52:39Z","level":"INFO","service":"go-logging-service","message":"User logged in"}
{"timestamp":"2026-02-18T10:52:39Z","level":"ERROR","service":"go-logging-service","message":"Database connection failed"}
{"timestamp":"2026-02-18T10:52:39Z","level":"DEBUG","service":"go-logging-service","message":"Processing request"}
{"timestamp":"2026-02-18T10:52:44Z","level":"INFO","service":"go-logging-service","message":"User logged in"}
{"timestamp":"2026-02-18T10:52:44Z","level":"ERROR","service":"go-logging-service","message":"Database connection failed"}
{"timestamp":"2026-02-18T10:52:44Z","level":"DEBUG","service":"go-logging-service","message":"Processing request"}
{"timestamp":"2026-02-18T10:52:49Z","level":"INFO","service":"go-logging-service","message":"User logged in"}
{"timestamp":"2026-02-18T10:52:49Z","level":"ERROR","service":"go-logging-service","message":"Database connection failed"}
{"timestamp":"2026-02-18T10:52:49Z","level":"DEBUG","service":"go-logging-service","message":"Processing request"}
{"timestamp":"2026-02-18T10:52:54Z","level":"INFO","service":"go-logging-service","message":"User logged in"}
{"timestamp":"2026-02-18T10:52:54Z","level":"ERROR","service":"go-logging-service","message":"Database connection failed"}
{"timestamp":"2026-02-18T10:52:54Z","level":"DEBUG","service":"go-logging-service","message":"Processing request"}
{"timestamp":"2026-02-18T10:52:59Z","level":"INFO","service":"go-logging-service","message":"User logged in"}
{"timestamp":"2026-02-18T10:52:59Z","level":"ERROR","service":"go-logging-service","message":"Database connection failed"}
{"timestamp":"2026-02-18T10:52:59Z","level":"DEBUG","service":"go-logging-service","message":"Processing request"}
{"timestamp":"2026-02-18T10:53:04Z","level":"INFO","service":"go-logging-service","message":"User logged in"}
{"timestamp":"2026-02-18T10:53:04Z","level":"ERROR","service":"go-logging-service","message":"Database connection failed"}
{"timestamp":"2026-02-18T10:53:04Z","level":"DEBUG","service":"go-logging-service","message":"Processing request"}
{"timestamp":"2026-02-18T10:53:09Z","level":"INFO","service":"go-logging-service","message":"User logged in"}
{"timestamp":"2026-02-18T10:53:09Z","level":"ERROR","service":"go-logging-service","message":"Database connection failed"}
{"timestamp":"2026-02-18T10:53:09Z","level":"DEBUG","service":"go-logging-service","message":"Processing request"}
{"timestamp":"2026-02-18T10:53:14Z","level":"INFO","service":"go-logging-service","message":"User logged in"}
{"timestamp":"2026-02-18T10:53:14Z","level":"ERROR","service":"go-logging-service","message":"Database connection failed"}
{"timestamp":"2026-02-18T10:53:14Z","level":"DEBUG","service":"go-logging-service","message":"Processing request"}
{"timestamp":"2026-02-18T10:53:19Z","level":"INFO","service":"go-logging-service","message":"User logged in"}
{"timestamp":"2026-02-18T10:53:19Z","level":"ERROR","service":"go-logging-service","message":"Database connection failed"}
{"timestamp":"2026-02-18T10:53:19Z","level":"DEBUG","service":"go-logging-service","message":"Processing request"}
{"timestamp":"2026-02-18T10:53:24Z","level":"INFO","service":"go-logging-service","message":"User logged in"}
{"timestamp":"2026-02-18T10:53:24Z","level":"ERROR","service":"go-logging-service","message":"Database connection failed"}
{"timestamp":"2026-02-18T10:53:24Z","level":"DEBUG","service":"go-logging-service","message":"Processing request"}
{"timestamp":"2026-02-18T10:53:29Z","level":"INFO","service":"go-logging-service","message":"User logged in"}
{"timestamp":"2026-02-18T10:53:29Z","level":"ERROR","service":"go-logging-service","message":"Database connection failed"}
{"timestamp":"2026-02-18T10:53:29Z","level":"DEBUG","service":"go-logging-service","message":"Processing request"}
{"timestamp":"2026-02-18T10:53:34Z","level":"INFO","service":"go-logging-service","message":"User logged in"}
{"timestamp":"2026-02-18T10:53:34Z","level":"ERROR","service":"go-logging-service","message":"Database connection failed"}
{"timestamp":"2026-02-18T10:53:34Z","level":"DEBUG","service":"go-logging-service","message":"Processing request"}
{"timestamp":"2026-02-18T10:53:39Z","level":"INFO","service":"go-logging-service","message":"User logged in"}
{"timestamp":"2026-02-18T10:53:39Z","level":"ERROR","service":"go-logging-service","message":"Database connection failed"}
{"timestamp":"2026-02-18T10:53:39Z","level":"DEBUG","service":"go-logging-service","message":"Processing request"}
{"timestamp":"2026-02-18T10:53:44Z","level":"INFO","service":"go-logging-service","message":"User logged in"}
{"timestamp":"2026-02-18T10:53:44Z","level":"ERROR","service":"go-logging-service","message":"Database connection failed"}
{"timestamp":"2026-02-18T10:53:44Z","level":"DEBUG","service":"go-logging-service","message":"Processing request"}
{"timestamp":"2026-02-18T10:53:49Z","level":"INFO","service":"go-logging-service","message":"User logged in"}
{"timestamp":"2026-02-18T10:53:49Z","level":"ERROR","service":"go-logging-service","message":"Database connection failed"}
{"timestamp":"2026-02-18T10:53:49Z","level":"DEBUG","service":"go-logging-service","message":"Processing request"}
{"timestamp":"2026-02-18T10:53:54Z","level":"INFO","service":"go-logging-service","message":"User logged in"}
{"timestamp":"2026-02-18T10:53:54Z","level":"ERROR","service":"go-logging-service","message":"Database connection failed"}
{"timestamp":"2026-02-18T10:53:54Z","level":"DEBUG","service":"go-logging-service","message":"Processing request"}
{"timestamp":"2026-02-18T10:53:59Z","level":"INFO","service":"go-logging-service","message":"User logged in"}
{"timestamp":"2026-02-18T10:53:59Z","level":"ERROR","service":"go-logging-service","message":"Database connection failed"}
{"timestamp":"2026-02-18T10:53:59Z","level":"DEBUG","service":"go-logging-service","message":"Processing request"}
{"timestamp":"2026-02-18T10:54:04Z","level":"INFO","service":"go-logging-service","message":"User logged in"}
{"timestamp":"2026-02-18T10:54:04Z","level":"ERROR","service":"go-logging-service","message":"Database connection failed"}
{"timestamp":"2026-02-18T10:54:04Z","level":"DEBUG","service":"go-logging-service","message":"Processing request"}
{"timestamp":"2026-02-18T10:54:08Z","level":"INFO","service":"go-logging-service","message":"User logged in"}
{"timestamp":"2026-02-18T10:54:08Z","level":"ERROR","service":"go-logging-service","message":"Database connection failed"}
{"timestamp":"2026-02-18T10:54:08Z","level":"DEBUG","service":"go-logging-service","message":"Processing request"}
{"timestamp":"2026-02-18T10:54:13Z","level":"INFO","service":"go-logging-service","message":"User logged in"}
{"timestamp":"2026-02-18T10:54:14Z","level":"ERROR","service":"go-logging-service","message":"Database connection failed"}
{"timestamp":"2026-02-18T10:54:14Z","level":"DEBUG","service":"go-logging-service","message":"Processing request"}
{"timestamp":"2026-02-18T10:54:19Z","level":"INFO","service":"go-logging-service","message":"User logged in"}
{"timestamp":"2026-02-18T10:54:19Z","level":"ERROR","service":"go-logging-service","message":"Database connection failed"}
{"timestamp":"2026-02-18T10:54:19Z","level":"DEBUG","service":"go-logging-service","message":"Processing request"}
{"timestamp":"2026-02-18T10:54:24Z","level":"INFO","service":"go-logging-service","message":"User logged in"}
{"timestamp":"2026-02-18T10:54:24Z","level":"ERROR","service":"go-logging-service","message":"Database connection failed"}
{"timestamp":"2026-02-18T10:54:24Z","level":"DEBUG","service":"go-logging-service","message":"Processing request"}
{"timestamp":"2026-02-18T10:54:29Z","level":"INFO","service":"go-logging-service","message":"User logged in"}
{"timestamp":"2026-02-18T10:54:29Z","level":"ERROR","service":"go-logging-service","message":"Database connection failed"}
{"timestamp":"2026-02-18T10:54:29Z","level":"DEBUG","service":"go-logging-service","message":"Processing request"}
{"timestamp":"2026-02-18T10:54:34Z","level":"INFO","service":"go-logging-service","message":"User logged in"}
{"timestamp":"2026-02-18T10:54:34Z","level":"ERROR","service":"go-logging-service","message":"Database connection failed"}
{"timestamp":"2026-02-18T10:54:34Z","level":"DEBUG","service":"go-logging-service","message":"Processing request"}
{"timestamp":"2026-02-18T10:54:38Z","level":"INFO","service":"go-logging-service","message":"User logged in"}
{"timestamp":"2026-02-18T10:54:38Z","level":"ERROR","service":"go-logging-service","message":"Database connection failed"}
{"timestamp":"2026-02-18T10:54:38Z","level":"DEBUG","service":"go-logging-service","message":"Processing request"}
{"timestamp":"2026-02-18T10:54:43Z","level":"INFO","service":"go-logging-service","message":"User logged in"}
{"timestamp":"2026-02-18T10:54:43Z","level":"ERROR","service":"go-logging-service","message":"Database connection failed"}
{"timestamp":"2026-02-18T10:54:43Z","level":"DEBUG","service":"go-logging-service","message":"Processing request"}
{"timestamp":"2026-02-18T10:54:48Z","level":"INFO","service":"go-logging-service","message":"User logged in"}
{"timestamp":"2026-02-18T10:54:48Z","level":"ERROR","service":"go-logging-service","message":"Database connection failed"}
{"timestamp":"2026-02-18T10:54:48Z","level":"DEBUG","service":"go-logging-service","message":"Processing request"}
{"timestamp":"2026-02-18T10:54:53Z","level":"INFO","service":"go-logging-service","message":"User logged in"}
{"timestamp":"2026-02-18T10:54:53Z","level":"ERROR","service":"go-logging-service","message":"Database connection failed"}
{"timestamp":"2026-02-18T10:54:53Z","level":"DEBUG","service":"go-logging-service","message":"Processing request"}
{"timestamp":"2026-02-18T10:54:58Z","level":"INFO","service":"go-logging-service","message":"User logged in"}
{"timestamp":"2026-02-18T10:54:58Z","level":"ERROR","service":"go-logging-service","message":"Database connection failed"}
{"timestamp":"2026-02-18T10:54:58Z","level":"DEBUG","service":"go-logging-service","message":"Processing request"}
{"timestamp":"2026-02-18T10:55:03Z","level":"INFO","service":"go-logging-service","message":"User logged in"}
{"timestamp":"2026-02-18T10:55:03Z","level":"ERROR","service":"go-logging-service","message":"Database connection failed"}
{"timestamp":"2026-02-18T10:55:03Z","level":"DEBUG","service":"go-logging-service","message":"Processing request"}
{"timestamp":"2026-02-18T10:55:08Z","level":"INFO","service":"go-logging-service","message":"User logged in"}
{"timestamp":"2026-02-18T10:55:08Z","level":"ERROR","service":"go-logging-service","message":"Database connection failed"}
{"timestamp":"2026-02-18T10:55:08Z","level":"DEBUG","service":"go-logging-service","message":"Processing request"}
{"timestamp":"2026-02-18T10:55:13Z","level":"INFO","service":"go-logging-service","message":"User logged in"}
{"timestamp":"2026-02-18T10:55:13Z","level":"ERROR","service":"go-logging-service","message":"Database connection failed"}
{"timestamp":"2026-02-18T10:55:13Z","level":"DEBUG","service":"go-logging-service","message":"Processing request"}
{"timestamp":"2026-02-18T10:55:18Z","level":"INFO","service":"go-logging-service","message":"User logged in"}
{"timestamp":"2026-02-18T10:55:18Z","level":"ERROR","service":"go-logging-service","message":"Database connection failed"}
{"timestamp":"2026-02-18T10:55:18Z","level":"DEBUG","service":"go-logging-service","message":"Processing request"}
{"timestamp":"2026-02-18T10:55:23Z","level":"INFO","service":"go-logging-service","message":"User logged in"}
{"timestamp":"2026-02-18T10:55:23Z","level":"ERROR","service":"go-logging-service","message":"Database connection failed"}
{"timestamp":"2026-02-18T10:55:23Z","level":"DEBUG","service":"go-logging-service","message":"Processing request"}
{"timestamp":"2026-02-18T10:55:28Z","level":"INFO","service":"go-logging-service","message":"User logged in"}
{"timestamp":"2026-02-18T10:55:29Z","level":"ERROR","service":"go-logging-service","message":"Database connection failed"}
{"timestamp":"2026-02-18T10:55:29Z","level":"DEBUG","service":"go-logging-service","message":"Processing request"}
{"timestamp":"2026-02-18T10:55:34Z","level":"INFO","service":"go-logging-service","message":"User logged in"}
{"timestamp":"2026-02-18T10:55:34Z","level":"ERROR","service":"go-logging-service","message":"Database connection failed"}
{"timestamp":"2026-02-18T10:55:34Z","level":"DEBUG","service":"go-logging-service","message":"Processing request"}
{"timestamp":"2026-02-18T10:55:38Z","level":"INFO","service":"go-logging-service","message":"User logged in"}
{"timestamp":"2026-02-18T10:55:38Z","level":"ERROR","service":"go-logging-service","message":"Database connection failed"}
{"timestamp":"2026-02-18T10:55:38Z","level":"DEBUG","service":"go-logging-service","message":"Processing request"}
{"timestamp":"2026-02-18T10:55:43Z","level":"INFO","service":"go-logging-service","message":"User logged in"}
{"timestamp":"2026-02-18T10:55:43Z","level":"ERROR","service":"go-logging-service","message":"Database connection failed"}
{"timestamp":"2026-02-18T10:55:43Z","level":"DEBUG","service":"go-logging-service","message":"Processing request"}
{"timestamp":"2026-02-18T10:55:48Z","level":"INFO","service":"go-logging-service","message":"User logged in"}
{"timestamp":"2026-02-18T10:55:48Z","level":"ERROR","service":"go-logging-service","message":"Database connection failed"}
{"timestamp":"2026-02-18T10:55:48Z","level":"DEBUG","service":"go-logging-service","message":"Processing request"}
{"timestamp":"2026-02-18T10:55:53Z","level":"INFO","service":"go-logging-service","message":"User logged in"}
{"timestamp":"2026-02-18T10:55:54Z","level":"ERROR","service":"go-logging-service","message":"Database connection failed"}
{"timestamp":"2026-02-18T10:55:54Z","level":"DEBUG","service":"go-logging-service","message":"Processing request"}
{"timestamp":"2026-02-18T10:55:59Z","level":"INFO","service":"go-logging-service","message":"User logged in"}
{"timestamp":"2026-02-18T10:55:59Z","level":"ERROR","service":"go-logging-service","message":"Database connection failed"}
{"timestamp":"2026-02-18T10:55:59Z","level":"DEBUG","service":"go-logging-service","message":"Processing request"}
{"timestamp":"2026-02-18T10:56:04Z","level":"INFO","service":"go-logging-service","message":"User logged in"}
{"timestamp":"2026-02-18T10:56:04Z","level":"ERROR","service":"go-logging-service","message":"Database connection failed"}
{"timestamp":"2026-02-18T10:56:04Z","level":"DEBUG","service":"go-logging-service","message":"Processing request"}
{"timestamp":"2026-02-18T10:56:08Z","level":"INFO","service":"go-logging-service","message":"User logged in"}
{"timestamp":"2026-02-18T10:56:08Z","level":"ERROR","service":"go-logging-service","message":"Database connection failed"}
{"timestamp":"2026-02-18T10:56:08Z","level":"DEBUG","service":"go-logging-service","message":"Processing request"}
{"timestamp":"2026-02-18T10:56:13Z","level":"INFO","service":"go-logging-service","message":"User logged in"}
{"timestamp":"2026-02-18T10:56:13Z","level":"ERROR","service":"go-logging-service","message":"Database connection failed"}
{"timestamp":"2026-02-18T10:56:13Z","level":"DEBUG","service":"go-logging-service","message":"Processing request"}
{"timestamp":"2026-02-18T10:56:18Z","level":"INFO","service":"go-logging-service","message":"User logged in"}
{"timestamp":"2026-02-18T10:56:18Z","level":"ERROR","service":"go-logging-service","message":"Database connection failed"}
{"timestamp":"2026-02-18T10:56:18Z","level":"DEBUG","service":"go-logging-service","message":"Processing request"}
{"timestamp":"2026-02-18T10:56:23Z","level":"INFO","service":"go-logging-service","message":"User logged in"}
{"timestamp":"2026-02-18T10:56:23Z","level":"ERROR","service":"go-logging-service","message":"Database connection failed"}
{"timestamp":"2026-02-18T10:56:23Z","level":"DEBUG","service":"go-logging-service","message":"Processing request"}
{"timestamp":"2026-02-18T10:56:28Z","level":"INFO","service":"go-logging-service","message":"User logged in"}
{"timestamp":"2026-02-18T10:56:28Z","level":"ERROR","service":"go-logging-service","message":"Database connection failed"}
{"timestamp":"2026-02-18T10:56:28Z","level":"DEBUG","service":"go-logging-service","message":"Processing request"}
{"timestamp":"2026-02-18T10:56:33Z","level":"INFO","service":"go-logging-service","message":"User logged in"}
{"timestamp":"2026-02-18T10:56:33Z","level":"ERROR","service":"go-logging-service","message":"Database connection failed"}
{"timestamp":"2026-02-18T10:56:33Z","level":"DEBUG","service":"go-logging-service","message":"Processing request"}
{"timestamp":"2026-02-18T10:56:38Z","level":"INFO","service":"go-logging-service","message":"User logged in"}
{"timestamp":"2026-02-18T10:56:38Z","level":"ERROR","service":"go-logging-service","message":"Database connection failed"}
{"timestamp":"2026-02-18T10:56:38Z","level":"DEBUG","service":"go-logging-service","message":"Processing request"}
{"timestamp":"2026-02-18T10:56:43Z","level":"INFO","service":"go-logging-service","message":"User logged in"}
{"timestamp":"2026-02-18T10:56:43Z","level":"ERROR","service":"go-logging-service","message":"Database connection failed"}
{"timestamp":"2026-02-18T10:56:43Z","level":"DEBUG","service":"go-logging-service","message":"Processing request"}
